00001957: 039e6669 |V|A|005|      135 us   0003.680 s    < DT:0xE1504D94> + e7221024 20
00001958: 039e6669 |V|A|005|        0 us   0003.680 s    < DT:0xE1504D94> ^ e7221024 [e00100b1]
00001959: 039e6677 |V|A|005|        0 us   0003.680 s    < DT:0xE1504D94> ^ e7221024 [e0038f6d]
00001960: 039e6677 |V|A|005|        0 us   0003.680 s    < DT:0xE1504D94> ^ e7221024 [e002c76f]
00001961: 039e6677 |V|A|005|        0 us   0003.680 s    < DT:0xE1504D94> ^ e7221024 [e002cca3]
00001962: 039e668f |V|A|005|        1 us   0003.680 s    < DT:0xE1504D94> ^ e7221024 [e00385a7]
00001963: 039e668f |V|A|005|        0 us   0003.680 s    < DT:0xE1504D94> ^ e7221024 [e0035fe5]
00001964: 039e668f |V|A|005|        0 us   0003.680 s    < DT:0xE1504D94> ^ e7221024 [e00358af]
00001965: 039e66a7 |V|A|005|        1 us   0003.680 s    < DT:0xE1504D94> ^ e7221024 [e00359c7]
00001966: 039e66a7 |V|A|005|        0 us   0003.680 s    < DT:0xE1504D94> ^ e7221024 [e0036d49]
00001967: 039e66a7 |V|A|005|        0 us   0003.680 s    < DT:0xE1504D94> ^ e7221024 [e0036e2b]
00001968: 039e66b5 |V|A|005|        0 us   0003.680 s    < DT:0xE1504D94> ^ e7221024 [e0037f23]
00001969: 039e66b5 |V|A|005|        0 us   0003.680 s    < DT:0xE1504D94> ^ e7221024 [e0036da9]
00001970: 039e66b5 |V|A|005|        0 us   0003.680 s    < DT:0xE1504D94> ^ e7221024 [e00374d3]
00001971: 039e66c6 |V|A|005|        1 us   0003.680 s    < DT:0xE1504D94> ^ e7221024 [e0036bfd]
00001972: 039e66c6 |V|A|005|        0 us   0003.680 s    < DT:0xE1504D94> ^ e7221024 [e048c81f]
00001973: 039e6799 |V|A|005|       13 us   0003.680 s    < DT:0xE1504D94> ^ e7221024 [e04865ef]
00001974: 039e6799 |V|A|005|        0 us   0003.680 s    < DT:0xE1504D94> + e1503374 18
00001975: 039e6799 |V|A|005|        0 us   0003.680 s    < DT:0xE1504D94> ^ e1503374 [e045d83b]
00001976: 039e67a9 |V|A|005|        1 us   0003.680 s    < DT:0xE1504D94> ^ e1503374 [e045f0eb]
00001977: 039e67a9 |V|A|005|        0 us   0003.680 s    < DT:0xE1504D94> ^ e1503374 [e0036f79]
00001978: 039e67a9 |V|A|005|        0 us   0003.680 s    < DT:0xE1504D94> ^ e1503374 [e0037117]
00001979: 039e67b8 |V|A|005|        0 us   0003.680 s    < DT:0xE1504D94> ^ e1503374 [e045506d]
00001980: 039e67b8 |V|A|005|        0 us   0003.680 s    < DT:0xE1504D94> ^ e1503374 [e0037723]
00001981: 039e67b8 |V|A|005|        0 us   0003.680 s    < DT:0xE1504D94> ^ e1503374 [e003776b]
00001982: 039e67c4 |V|A|005|        0 us   0003.680 s    < DT:0xE1504D94> ^ e1503374 [e00380e7]
00001983: 039e67c4 |V|A|005|        0 us   0003.680 s    < DT:0xE1504D94> ^ e1503374 [e0035ff3]
00001984: 039e67c4 |V|A|005|        0 us   0003.680 s    < DT:0xE1504D94> ^ e1503374 [e00358af]
00001985: 039e67d3 |V|A|005|        0 us   0003.680 s    < DT:0xE1504D94> ^ e1503374 [e00359c7]
00001986: 039e67d3 |V|A|005|        0 us   0003.680 s    < DT:0xE1504D94> ^ e1503374 [e0036d49]
00001987: 039e67dd |V|A|005|        0 us   0003.680 s    < DT:0xE1504D94> ^ e1503374 [e0036e2b]
00001988: 039e67dd |V|A|005|        0 us   0003.680 s    < DT:0xE1504D94> ^ e1503374 [e0037f23]
00001989: 039e67dd |V|A|005|        0 us   0003.680 s    < DT:0xE1504D94> ^ e1503374 [e0036da9]
00001990: 039e67e3 |V|A|005|        0 us   0003.680 s    < DT:0xE1504D94> ^ e1503374 [e00374d3]
00001991: 039e67e3 |V|A|005|        0 us   0003.680 s    < DT:0xE1504D94> ^ e1503374 [e0036bfd]
00001992: 039e67e3 |V|A|005|        0 us   0003.680 s    < DT:0xE1504D94> ^ e1503374 [e048c81f]
00001993: 039e689c |V|A|005|       11 us   0003.680 s    < DT:0xE1504D94> ^ e1503374 [e04865ef]
00001994: 039e689c |V|A|005|        0 us   0003.680 s    < DT:0xE1504D94> - e7221024
00001995: 039e689c |V|A|005|        0 us   0003.680 s    < DT:0xE1504D94> ^ e7221024 [e0038fa1]
00001996: 039e68ac |V|A|005|        1 us   0003.680 s    < DT:0xE1504D94> ^ e7221024 [e002c7a9]
00001997: 039e68ac |V|A|005|        0 us   0003.680 s    < DT:0xE1504D94> ^ e7221024 [e002ca25]
00001998: 039e68ac |V|A|005|        0 us   0003.680 s    < DT:0xE1504D94> ^ e7221024 [e002ccf3]
00001999: 039e68b8 |V|A|005|        0 us   0003.680 s    < DT:0xE1504D94> ^ e7221024 [e0036043]
00002000: 039e68b8 |V|A|005|        0 us   0003.680 s    < DT:0xE1504D94> ^ e7221024 [e00358af]
00002001: 039e68b8 |V|A|005|        0 us   0003.680 s    < DT:0xE1504D94> ^ e7221024 [e00359c7]
00002002: 039e68c8 |V|A|005|        1 us   0003.680 s    < DT:0xE1504D94> ^ e7221024 [e0036d49]
00002003: 039e68c8 |V|A|005|        0 us   0003.680 s    < DT:0xE1504D94> ^ e7221024 [e0036e2b]
00002004: 039e68d0 |V|A|005|        0 us   0003.680 s    < DT:0xE1504D94> ^ e7221024 [e0037f23]
00002005: 039e68d0 |V|A|005|        0 us   0003.680 s    < DT:0xE1504D94> ^ e7221024 [e0036da9]
00002006: 039e68d0 |V|A|005|        0 us   0003.680 s    < DT:0xE1504D94> ^ e7221024 [e00374d3]
00002007: 039e68e6 |V|A|005|        1 us   0003.680 s    < DT:0xE1504D94> ^ e7221024 [e0036bfd]
00002008: 039e68e6 |V|A|005|        0 us   0003.680 s    < DT:0xE1504D94> ^ e7221024 [e048c81f]
00002009: 039e68e6 |V|A|005|        0 us   0003.680 s    < DT:0xE1504D94> ^ e7221024 [e04865ef]
